<?xml version="1.0" encoding="UTF-8"?>
<coverage generated="1745058063379" clover="3.2.0">
  <project timestamp="1745058063379" name="All files">
    <metrics statements="6" coveredstatements="6" conditionals="10" coveredconditionals="8" methods="3" coveredmethods="3" elements="19" coveredelements="17" complexity="0" loc="6" ncloc="6" packages="1" files="1" classes="1"/>
    <file name="Header.js" path="/Users/bufan/WebstormProjects/mfp/packages/container/src/components/Header/Header.js">
      <metrics statements="6" coveredstatements="6" conditionals="10" coveredconditionals="8" methods="3" coveredmethods="3"/>
      <line num="9" count="3" type="stmt"/>
      <line num="58" count="3" type="stmt"/>
      <line num="60" count="3" type="stmt"/>
      <line num="61" count="1" type="cond" truecount="3" falsecount="1"/>
      <line num="62" count="1" type="stmt"/>
      <line num="66" count="3" type="stmt"/>
    </file>
  </project>
</coverage>
