{"/Users/bufan/WebstormProjects/mfp/packages/container/src/components/Header/Header.js": {"path":"/Users/bufan/WebstormProjects/mfp/packages/container/src/components/Header/Header.js","statementMap":{"0":{"start":{"line":9,"column":18},"end":{"line":55,"column":3}},"1":{"start":{"line":9,"column":41},"end":{"line":55,"column":1}},"2":{"start":{"line":58,"column":18},"end":{"line":58,"column":29}},"3":{"start":{"line":60,"column":18},"end":{"line":64,"column":3}},"4":{"start":{"line":61,"column":4},"end":{"line":63,"column":5}},"5":{"start":{"line":62,"column":6},"end":{"line":62,"column":18}},"6":{"start":{"line":66,"column":2},"end":{"line":97,"column":4}}},"fnMap":{"0":{"name":"(anonymous_0)","decl":{"start":{"line":9,"column":29},"end":{"line":9,"column":30}},"loc":{"start":{"line":9,"column":41},"end":{"line":55,"column":1}},"line":9},"1":{"name":"Header","decl":{"start":{"line":57,"column":24},"end":{"line":57,"column":30}},"loc":{"start":{"line":57,"column":58},"end":{"line":98,"column":1}},"line":57},"2":{"name":"(anonymous_2)","decl":{"start":{"line":60,"column":18},"end":{"line":60,"column":19}},"loc":{"start":{"line":60,"column":24},"end":{"line":64,"column":3}},"line":60}},"branchMap":{"0":{"loc":{"start":{"line":35,"column":6},"end":{"line":37,"column":33}},"type":"cond-expr","locations":[{"start":{"line":36,"column":10},"end":{"line":36,"column":33}},{"start":{"line":37,"column":10},"end":{"line":37,"column":33}}],"line":35},"1":{"loc":{"start":{"line":61,"column":4},"end":{"line":63,"column":5}},"type":"if","locations":[{"start":{"line":61,"column":4},"end":{"line":63,"column":5}},{"start":{},"end":{}}],"line":61},"2":{"loc":{"start":{"line":61,"column":8},"end":{"line":61,"column":31}},"type":"binary-expr","locations":[{"start":{"line":61,"column":8},"end":{"line":61,"column":18}},{"start":{"line":61,"column":22},"end":{"line":61,"column":31}}],"line":61},"3":{"loc":{"start":{"line":89,"column":16},"end":{"line":89,"column":49}},"type":"cond-expr","locations":[{"start":{"line":89,"column":29},"end":{"line":89,"column":32}},{"start":{"line":89,"column":35},"end":{"line":89,"column":49}}],"line":89},"4":{"loc":{"start":{"line":92,"column":13},"end":{"line":92,"column":44}},"type":"cond-expr","locations":[{"start":{"line":92,"column":26},"end":{"line":92,"column":34}},{"start":{"line":92,"column":37},"end":{"line":92,"column":44}}],"line":92}},"s":{"0":1,"1":3,"2":3,"3":3,"4":1,"5":1,"6":3},"f":{"0":3,"1":3,"2":1},"b":{"0":[3,0],"1":[1,0],"2":[1,1],"3":[2,1],"4":[2,1]},"_coverageSchema":"1a1c01bbd47fc00a2c39e90264f33305004495a9","hash":"e1c449d4b807c4c58cee6d15faa465552879a4fb"}
}
